<?xml version="1.0" encoding="UTF-8"?>
<testsuite xmlns:xsi="http://www.w3.org/2001/XMLSchema-instance" xsi:noNamespaceSchemaLocation="https://maven.apache.org/surefire/maven-surefire-plugin/xsd/surefire-test-report-3.0.xsd" version="3.0" name="com.devops.cicd.PasswordPolicyTest" time="0.048" tests="10" errors="0" skipped="0" failures="0">
  <properties>
[...]
</properties>
  <testcase name="testAnotherStrongPassword" classname="com.devops.cicd.PasswordPolicyTest" time="0.017"/>
  <testcase name="testPasswordWithMultipleSpecialChars" classname="com.devops.cicd.PasswordPolicyTest" time="0.0"/>
  <testcase name="testPasswordWithoutDigit" classname="com.devops.cicd.PasswordPolicyTest" time="0.0"/>
  <testcase name="testPasswordWithoutSpecialChar" classname="com.devops.cicd.PasswordPolicyTest" time="0.0"/>
  <testcase name="testPasswordWithoutUppercase" classname="com.devops.cicd.PasswordPolicyTest" time="0.0"/>
  <testcase name="testPasswordTooShort" classname="com.devops.cicd.PasswordPolicyTest" time="0.0"/>
  <testcase name="testLongStrongPassword" classname="com.devops.cicd.PasswordPolicyTest" time="0.0"/>
  <testcase name="testStrongPassword" classname="com.devops.cicd.PasswordPolicyTest" time="0.0"/>
  <testcase name="testPasswordNull" classname="com.devops.cicd.PasswordPolicyTest" time="0.0"/>
  <testcase name="testPasswordWithoutLowercase" classname="com.devops.cicd.PasswordPolicyTest" time="0.0"/>
</testsuite>